2019-11-30 11:59:23.112  INFO 18904 --- [restartedMain] c.e.carservice.CarServiceApplication     : Starting CarServiceApplication on DESKTOP-3FE67RV with PID 18904 (started by SERHIR Mohamed in C:\Users\SERHIR Mohamed\Documents\GitHub\TPCloud\TP3_Rest_WebServiceRent)
2019-11-30 11:59:23.128  INFO 18904 --- [restartedMain] c.e.carservice.CarServiceApplication     : No active profile set, falling back to default profiles: default
2019-11-30 11:59:23.249  INFO 18904 --- [restartedMain] .e.DevToolsPropertyDefaultsPostProcessor : Devtools property defaults active! Set 'spring.devtools.add-properties' to 'false' to disable
2019-11-30 11:59:23.249  INFO 18904 --- [restartedMain] .e.DevToolsPropertyDefaultsPostProcessor : For additional web related logging consider setting the 'logging.level.web' property to 'DEBUG'
2019-11-30 11:59:25.893  INFO 18904 --- [restartedMain] trationDelegate$BeanPostProcessorChecker : Bean 'org.springframework.hateoas.config.HateoasConfiguration' of type [org.springframework.hateoas.config.HateoasConfiguration$$EnhancerBySpringCGLIB$$df5ef45c] is not eligible for getting processed by all BeanPostProcessors (for example: not eligible for auto-proxying)
2019-11-30 11:59:27.324  INFO 18904 --- [restartedMain] o.s.b.w.embedded.tomcat.TomcatWebServer  : Tomcat initialized with port(s): 8080 (http)
2019-11-30 11:59:27.374  INFO 18904 --- [restartedMain] o.apache.catalina.core.StandardService   : Starting service [Tomcat]
2019-11-30 11:59:27.375  INFO 18904 --- [restartedMain] org.apache.catalina.core.StandardEngine  : Starting Servlet Engine: Apache Tomcat/9.0.12
2019-11-30 11:59:27.397  INFO 18904 --- [restartedMain] o.a.catalina.core.AprLifecycleListener   : The APR based Apache Tomcat Native library which allows optimal performance in production environments was not found on the java.library.path: [C:\Program Files\Java\jdk1.8.0_221\bin;C:\Windows\Sun\Java\bin;C:\Windows\system32;C:\Windows;C:\Python27\;C:\Python27\Scripts;C:\Program Files (x86)\Common Files\Oracle\Java\javapath;C:\app\18.0.0\dbhomeXE\bin;C:\Program Files\IBM\ILOG\CPLEX_Studio_Community129\opl\bin\x64_win64;C:\Program Files\IBM\ILOG\CPLEX_Studio_Community129\opl\oplide\;C:\Program Files\IBM\ILOG\CPLEX_Studio_Community129\cplex\bin\x64_win64;C:\Program Files\IBM\ILOG\CPLEX_Studio_Community129\cpoptimizer\bin\x64_win64;C:\Windows\system32;C:\Windows;C:\Windows\System32\Wbem;C:\Windows\System32\WindowsPowerShell\v1.0\;C:\Windows\System32\OpenSSH\;C:\Program Files\Intel\WiFi\bin\;C:\Program Files\Common Files\Intel\WirelessCommon\;C:\Program Files\dotnet\;C:\Program Files\Microsoft SQL Server\Client SDK\ODBC\170\Tools\Binn\;C:\Program Files\Google Protobuf\bin;C:\Program Files\Microsoft SQL Server\120\DTS\Binn\;C:\Program Files\Microsoft SQL Server\Client SDK\ODBC\110\Tools\Binn\;C:\Program Files (x86)\Microsoft SQL Server\120\Tools\Binn\;C:\Program Files\Microsoft SQL Server\120\Tools\Binn\;C:\Program Files (x86)\Microsoft SQL Server\120\Tools\Binn\ManagementStudio\;C:\Program Files (x86)\Microsoft SQL Server\120\DTS\Binn\;C:\Program Files (x86)\Microsoft Visual Studio 12.0\Common7\IDE\PrivateAssemblies\;C:\Gradle\gradle-5.6.2\bin;C:\Program Files (x86)\Intel\Intel(R) Management Engine Components\DAL;C:\Program Files\Intel\Intel(R) Management Engine Components\DAL;C:\Program Files (x86)\Microsoft SQL Server\150\DTS\Binn\;C:\Program Files\Git\cmd;C:\Program Files\PuTTY\;C:\Program Files\nodejs\;C:\ProgramData\chocolatey\bin;C:\Users\SERHIR Mohamed\AppData\Local\Microsoft\WindowsApps;C:\Users\SERHIR Mohamed\AppData\Local\Programs\Microsoft VS Code\bin;C:\Users\SERHIR Mohamed\AppData\Local\GitHubDesktop\bin;C:\Users\SERHIR Mohamed\AppData\Roaming\npm;.]
2019-11-30 11:59:27.659  INFO 18904 --- [restartedMain] o.a.c.c.C.[Tomcat].[localhost].[/]       : Initializing Spring embedded WebApplicationContext
2019-11-30 11:59:27.660 DEBUG 18904 --- [restartedMain] o.s.web.context.ContextLoader            : Published root WebApplicationContext as ServletContext attribute with name [org.springframework.web.context.WebApplicationContext.ROOT]
2019-11-30 11:59:27.661  INFO 18904 --- [restartedMain] o.s.web.context.ContextLoader            : Root WebApplicationContext: initialization completed in 4409 ms
2019-11-30 11:59:27.848  INFO 18904 --- [restartedMain] o.s.b.w.servlet.ServletRegistrationBean  : Servlet dispatcherServlet mapped to [/]
2019-11-30 11:59:27.857  INFO 18904 --- [restartedMain] o.s.b.w.servlet.FilterRegistrationBean   : Mapping filter: 'characterEncodingFilter' to: [/*]
2019-11-30 11:59:27.857  INFO 18904 --- [restartedMain] o.s.b.w.servlet.FilterRegistrationBean   : Mapping filter: 'hiddenHttpMethodFilter' to: [/*]
2019-11-30 11:59:27.857  INFO 18904 --- [restartedMain] o.s.b.w.servlet.FilterRegistrationBean   : Mapping filter: 'formContentFilter' to: [/*]
2019-11-30 11:59:27.858  INFO 18904 --- [restartedMain] o.s.b.w.servlet.FilterRegistrationBean   : Mapping filter: 'requestContextFilter' to: [/*]
2019-11-30 11:59:29.318 DEBUG 18904 --- [restartedMain] o.s.w.s.handler.SimpleUrlHandlerMapping  : Patterns [/**/favicon.ico] in 'faviconHandlerMapping'
2019-11-30 11:59:29.728  INFO 18904 --- [restartedMain] o.s.s.concurrent.ThreadPoolTaskExecutor  : Initializing ExecutorService 'applicationTaskExecutor'
2019-11-30 11:59:29.778 DEBUG 18904 --- [restartedMain] s.w.s.m.m.a.RequestMappingHandlerAdapter : ControllerAdvice beans: 0 @ModelAttribute, 0 @InitBinder, 1 RequestBodyAdvice, 1, ResponseBodyAdvice
2019-11-30 11:59:29.970 DEBUG 18904 --- [restartedMain] s.w.s.m.m.a.RequestMappingHandlerMapping : 8 mappings in 'requestMappingHandlerMapping'
2019-11-30 11:59:30.031 DEBUG 18904 --- [restartedMain] o.s.w.s.handler.SimpleUrlHandlerMapping  : Patterns [/webjars/**, /**] in 'resourceHandlerMapping'
2019-11-30 11:59:30.059 DEBUG 18904 --- [restartedMain] .m.m.a.ExceptionHandlerExceptionResolver : ControllerAdvice beans: 1 @ExceptionHandler, 1 ResponseBodyAdvice
2019-11-30 11:59:30.750  INFO 18904 --- [restartedMain] o.s.b.d.a.OptionalLiveReloadServer       : LiveReload server is running on port 35729
2019-11-30 11:59:30.888  INFO 18904 --- [restartedMain] o.s.b.w.embedded.tomcat.TomcatWebServer  : Tomcat started on port(s): 8080 (http) with context path ''
2019-11-30 11:59:30.903  INFO 18904 --- [restartedMain] c.e.carservice.CarServiceApplication     : Started CarServiceApplication in 8.67 seconds (JVM running for 9.684)
2019-11-30 11:59:51.177  INFO 18904 --- [http-nio-8080-exec-2] o.a.c.c.C.[Tomcat].[localhost].[/]       : Initializing Spring DispatcherServlet 'dispatcherServlet'
2019-11-30 11:59:51.177  INFO 18904 --- [http-nio-8080-exec-2] o.s.web.servlet.DispatcherServlet        : Initializing Servlet 'dispatcherServlet'
2019-11-30 11:59:51.180 DEBUG 18904 --- [http-nio-8080-exec-2] o.s.web.servlet.DispatcherServlet        : Detected StandardServletMultipartResolver
2019-11-30 11:59:51.248 DEBUG 18904 --- [http-nio-8080-exec-2] o.s.web.servlet.DispatcherServlet        : enableLoggingRequestDetails='false': request parameters and headers will be masked to prevent unsafe logging of potentially sensitive data
2019-11-30 11:59:51.249  INFO 18904 --- [http-nio-8080-exec-2] o.s.web.servlet.DispatcherServlet        : Completed initialization in 69 ms
2019-11-30 11:59:51.286 DEBUG 18904 --- [http-nio-8080-exec-2] o.s.web.servlet.DispatcherServlet        : GET "/cars/", parameters={}
2019-11-30 11:59:51.299 DEBUG 18904 --- [http-nio-8080-exec-2] s.w.s.m.m.a.RequestMappingHandlerMapping : Mapped to public java.util.List<com.example.carservice.Car> com.example.carservice.CarRentalService.getCars()
2019-11-30 11:59:51.309  INFO 18904 --- [http-nio-8080-exec-2] com.example.carservice.CarRentalService  : [Car [plateNumber=11AA22, brand=Ferrari, price=600]
, Car [plateNumber=33BB44, brand=Porshe, price=700]
, Car [plateNumber=26HY95, brand=Peugeot, price=50]
, Car [plateNumber=68ZU21, brand=Mercedes, price=70]
, Car [plateNumber=96HF45, brand=Audi, price=60]
, Car [plateNumber=96GF34, brand=BMW, price=75]
, Car [plateNumber=28HQ78, brand=Volkwagen, price=55]
, Car [plateNumber=04GQ34, brand=Fiat, price=30]
, Car [plateNumber=48PB34, brand=Tesla, price=100]
]
2019-11-30 11:59:51.338 DEBUG 18904 --- [http-nio-8080-exec-2] m.m.a.RequestResponseBodyMethodProcessor : Using 'application/json', given [*/*] and supported [application/json, application/*+json, application/json, application/*+json]
2019-11-30 11:59:51.339 DEBUG 18904 --- [http-nio-8080-exec-2] m.m.a.RequestResponseBodyMethodProcessor : Writing [[Car [plateNumber=11AA22, brand=Ferrari, price=600]
, Car [plateNumber=33BB44, brand=Porshe, price=700]
, Car [plateNumber=26HY95, brand=Peugeot, price=50]
, Car [plateNumber=68ZU21, brand=Mercedes, price=70]
, Car [plateNumber=96HF45, brand=Audi, price=60]
, Car [plateNumber=96GF34, brand=BMW, price=75]
, Car [plateNumber=28HQ78, brand=Volkwagen, price=55]
, Car [plateNumber=04GQ34, brand=Fiat, price=30]
, Car [plateNumber=48PB34, brand=Tesla, price=100]
]]
2019-11-30 11:59:51.422 DEBUG 18904 --- [http-nio-8080-exec-2] o.s.web.servlet.DispatcherServlet        : Completed 200 OK
2019-11-30 12:00:10.159 DEBUG 18904 --- [http-nio-8080-exec-3] o.s.web.servlet.DispatcherServlet        : POST "/cars/11AA22?rent=true", parameters={masked}
2019-11-30 12:00:10.165 DEBUG 18904 --- [http-nio-8080-exec-3] s.w.s.m.m.a.RequestMappingHandlerMapping : Mapped to public void com.example.carservice.CarRentalService.rent(java.lang.String,boolean,com.example.carservice.Dates) throws java.lang.Exception
2019-11-30 12:00:10.192 DEBUG 18904 --- [http-nio-8080-exec-3] .w.s.m.m.a.ServletInvocableHandlerMethod : Could not resolve parameter [2] in public void com.example.carservice.CarRentalService.rent(java.lang.String,boolean,com.example.carservice.Dates) throws java.lang.Exception: Content type 'application/octet-stream' not supported
2019-11-30 12:00:10.199  WARN 18904 --- [http-nio-8080-exec-3] .w.s.m.s.DefaultHandlerExceptionResolver : Resolved [org.springframework.web.HttpMediaTypeNotSupportedException: Content type 'application/octet-stream' not supported]
2019-11-30 12:00:10.201 DEBUG 18904 --- [http-nio-8080-exec-3] o.s.web.servlet.DispatcherServlet        : Completed 415 UNSUPPORTED_MEDIA_TYPE
2019-11-30 12:00:10.211 DEBUG 18904 --- [http-nio-8080-exec-3] o.s.web.servlet.DispatcherServlet        : "ERROR" dispatch for POST "/error?rent=true", parameters={masked}
2019-11-30 12:00:10.225 DEBUG 18904 --- [http-nio-8080-exec-3] s.w.s.m.m.a.RequestMappingHandlerMapping : Mapped to public org.springframework.http.ResponseEntity<java.util.Map<java.lang.String, java.lang.Object>> org.springframework.boot.autoconfigure.web.servlet.error.BasicErrorController.error(javax.servlet.http.HttpServletRequest)
2019-11-30 12:00:10.244 DEBUG 18904 --- [http-nio-8080-exec-3] o.s.w.s.m.m.a.HttpEntityMethodProcessor  : Using 'application/json', given [*/*] and supported [application/json, application/*+json, application/json, application/*+json]
2019-11-30 12:00:10.252 DEBUG 18904 --- [http-nio-8080-exec-3] o.s.w.s.m.m.a.HttpEntityMethodProcessor  : Writing [{timestamp=Sat Nov 30 12:00:10 CET 2019, status=415, error=Unsupported Media Type, message=Content type 'application/octet-stream' not supported, trace=org.springframework.web.HttpMediaTypeNotSupportedException: Content type 'application/octet-stream' not supported
	at org.springframework.web.servlet.mvc.method.annotation.AbstractMessageConverterMethodArgumentResolver.readWithMessageConverters(AbstractMessageConverterMethodArgumentResolver.java:224)
	at org.springframework.web.servlet.mvc.method.annotation.RequestResponseBodyMethodProcessor.readWithMessageConverters(RequestResponseBodyMethodProcessor.java:157)
	at org.springframework.web.servlet.mvc.method.annotation.RequestResponseBodyMethodProcessor.resolveArgument(RequestResponseBodyMethodProcessor.java:130)
	at org.springframework.web.method.support.HandlerMethodArgumentResolverComposite.resolveArgument(HandlerMethodArgumentResolverComposite.java:124)
	at org.springframework.web.method.support.InvocableHandlerMethod.getMethodArgumentValues(InvocableHandlerMethod.java:165)
	at org.springframework.web.method.support.InvocableHandlerMethod.invokeForRequest(InvocableHandlerMethod.java:138)
	at org.springframework.web.servlet.mvc.method.annotation.ServletInvocableHandlerMethod.invokeAndHandle(ServletInvocableHandlerMethod.java:102)
	at org.springframework.web.servlet.mvc.method.annotation.RequestMappingHandlerAdapter.invokeHandlerMethod(RequestMappingHandlerAdapter.java:895)
	at org.springframework.web.servlet.mvc.method.annotation.RequestMappingHandlerAdapter.handleInternal(RequestMappingHandlerAdapter.java:800)
	at org.springframework.web.servlet.mvc.method.AbstractHandlerMethodAdapter.handle(AbstractHandlerMethodAdapter.java:87)
	at org.springframework.web.servlet.DispatcherServlet.doDispatch(DispatcherServlet.java:1038)
	at org.springframework.web.servlet.DispatcherServlet.doService(DispatcherServlet.java:942)
	at org.springframework.web.servlet.FrameworkServlet.processRequest(FrameworkServlet.java:998)
	at org.springframework.web.servlet.FrameworkServlet.doPost(FrameworkServlet.java:901)
	at javax.servlet.http.HttpServlet.service(HttpServlet.java:660)
	at org.springframework.web.servlet.FrameworkServlet.service(FrameworkServlet.java:875)
	at javax.servlet.http.HttpServlet.service(HttpServlet.java:741)
	at org.apache.catalina.core.ApplicationFilterChain.internalDoFilter(ApplicationFilterChain.java:231)
	at org.apache.catalina.core.ApplicationFilterChain.doFilter(ApplicationFilterChain.java:166)
	at org.apache.tomcat.websocket.server.WsFilter.doFilter(WsFilter.java:53)
	at org.apache.catalina.core.ApplicationFilterChain.internalDoFilter(ApplicationFilterChain.java:193)
	at org.apache.catalina.core.ApplicationFilterChain.doFilter(ApplicationFilterChain.java:166)
	at org.springframework.web.filter.RequestContextFilter.doFilterInternal(RequestContextFilter.java:99)
	at org.springframework.web.filter.OncePerRequestFilter.doFilter(OncePerRequestFilter.java:107)
	at org.apache.catalina.core.ApplicationFilterChain.internalDoFilter(ApplicationFilterChain.java:193)
	at org.apache.catalina.core.ApplicationFilterChain.doFilter(ApplicationFilterChain.java:166)
	at org.springframework.web.filter.FormContentFilter.doFilterInternal(FormContentFilter.java:92)
	at org.springframework.web.filter.OncePerRequestFilter.doFilter(OncePerRequestFilter.java:107)
	at org.apache.catalina.core.ApplicationFilterChain.internalDoFilter(ApplicationFilterChain.java:193)
	at org.apache.catalina.core.ApplicationFilterChain.doFilter(ApplicationFilterChain.java:166)
	at org.springframework.web.filter.HiddenHttpMethodFilter.doFilterInternal(HiddenHttpMethodFilter.java:93)
	at org.springframework.web.filter.OncePerRequestFilter.doFilter(OncePerRequestFilter.java:107)
	at org.apache.catalina.core.ApplicationFilterChain.internalDoFilter(ApplicationFilterChain.java:193)
	at org.apache.catalina.core.ApplicationFilterChain.doFilter(ApplicationFilterChain.java:166)
	at org.springframework.web.filter.CharacterEncodingFilter.doFilterInternal(CharacterEncodingFilter.java:200)
	at org.springframework.web.filter.OncePerRequestFilter.doFilter(OncePerRequestFilter.java:107)
	at org.apache.catalina.core.ApplicationFilterChain.internalDoFilter(ApplicationFilterChain.java:193)
	at org.apache.catalina.core.ApplicationFilterChain.doFilter(ApplicationFilterChain.java:166)
	at org.apache.catalina.core.StandardWrapperValve.invoke(StandardWrapperValve.java:199)
	at org.apache.catalina.core.StandardContextValve.invoke(StandardContextValve.java:96)
	at org.apache.catalina.authenticator.AuthenticatorBase.invoke(AuthenticatorBase.java:490)
	at org.apache.catalina.core.StandardHostValve.invoke(StandardHostValve.java:139)
	at org.apache.catalina.valves.ErrorReportValve.invoke(ErrorReportValve.java:92)
	at org.apache.catalina.core.StandardEngineValve.invoke(StandardEngineValve.java:74)
	at org.apache.catalina.connector.CoyoteAdapter.service(CoyoteAdapter.java:343)
	at org.apache.coyote.http11.Http11Processor.service(Http11Processor.java:408)
	at org.apache.coyote.AbstractProcessorLight.process(AbstractProcessorLight.java:66)
	at org.apache.coyote.AbstractProtocol$ConnectionHandler.process(AbstractProtocol.java:770)
	at org.apache.tomcat.util.net.NioEndpoint$SocketProcessor.doRun(NioEndpoint.java:1415)
	at org.apache.tomcat.util.net.SocketProcessorBase.run(SocketProcessorBase.java:49)
	at java.util.concurrent.ThreadPoolExecutor.runWorker(ThreadPoolExecutor.java:1149)
	at java.util.concurrent.ThreadPoolExecutor$Worker.run(ThreadPoolExecutor.java:624)
	at org.apache.tomcat.util.threads.TaskThread$WrappingRunnable.run(TaskThread.java:61)
	at java.lang.Thread.run(Thread.java:748)
, path=/cars/11AA22}]
2019-11-30 12:00:10.282 DEBUG 18904 --- [http-nio-8080-exec-3] o.s.web.servlet.DispatcherServlet        : Exiting from "ERROR" dispatch, status 415
2019-11-30 12:00:30.680 DEBUG 18904 --- [http-nio-8080-exec-4] o.s.web.servlet.DispatcherServlet        : POST "/cars/11AA22?rent=true", parameters={masked}
2019-11-30 12:00:30.695 DEBUG 18904 --- [http-nio-8080-exec-4] s.w.s.m.m.a.RequestMappingHandlerMapping : Mapped to public void com.example.carservice.CarRentalService.rent(java.lang.String,boolean,com.example.carservice.Dates) throws java.lang.Exception
2019-11-30 12:00:30.701 DEBUG 18904 --- [http-nio-8080-exec-4] .w.s.m.m.a.ServletInvocableHandlerMethod : Could not resolve parameter [2] in public void com.example.carservice.CarRentalService.rent(java.lang.String,boolean,com.example.carservice.Dates) throws java.lang.Exception: Content type 'application/octet-stream' not supported
2019-11-30 12:00:30.701  WARN 18904 --- [http-nio-8080-exec-4] .w.s.m.s.DefaultHandlerExceptionResolver : Resolved [org.springframework.web.HttpMediaTypeNotSupportedException: Content type 'application/octet-stream' not supported]
2019-11-30 12:00:30.702 DEBUG 18904 --- [http-nio-8080-exec-4] o.s.web.servlet.DispatcherServlet        : Completed 415 UNSUPPORTED_MEDIA_TYPE
2019-11-30 12:00:30.710 DEBUG 18904 --- [http-nio-8080-exec-4] o.s.web.servlet.DispatcherServlet        : "ERROR" dispatch for POST "/error?rent=true", parameters={masked}
2019-11-30 12:00:30.720 DEBUG 18904 --- [http-nio-8080-exec-4] s.w.s.m.m.a.RequestMappingHandlerMapping : Mapped to public org.springframework.http.ResponseEntity<java.util.Map<java.lang.String, java.lang.Object>> org.springframework.boot.autoconfigure.web.servlet.error.BasicErrorController.error(javax.servlet.http.HttpServletRequest)
2019-11-30 12:00:30.723 DEBUG 18904 --- [http-nio-8080-exec-4] o.s.w.s.m.m.a.HttpEntityMethodProcessor  : Using 'application/json', given [*/*] and supported [application/json, application/*+json, application/json, application/*+json]
2019-11-30 12:00:30.724 DEBUG 18904 --- [http-nio-8080-exec-4] o.s.w.s.m.m.a.HttpEntityMethodProcessor  : Writing [{timestamp=Sat Nov 30 12:00:30 CET 2019, status=415, error=Unsupported Media Type, message=Content type 'application/octet-stream' not supported, trace=org.springframework.web.HttpMediaTypeNotSupportedException: Content type 'application/octet-stream' not supported
	at org.springframework.web.servlet.mvc.method.annotation.AbstractMessageConverterMethodArgumentResolver.readWithMessageConverters(AbstractMessageConverterMethodArgumentResolver.java:224)
	at org.springframework.web.servlet.mvc.method.annotation.RequestResponseBodyMethodProcessor.readWithMessageConverters(RequestResponseBodyMethodProcessor.java:157)
	at org.springframework.web.servlet.mvc.method.annotation.RequestResponseBodyMethodProcessor.resolveArgument(RequestResponseBodyMethodProcessor.java:130)
	at org.springframework.web.method.support.HandlerMethodArgumentResolverComposite.resolveArgument(HandlerMethodArgumentResolverComposite.java:124)
	at org.springframework.web.method.support.InvocableHandlerMethod.getMethodArgumentValues(InvocableHandlerMethod.java:165)
	at org.springframework.web.method.support.InvocableHandlerMethod.invokeForRequest(InvocableHandlerMethod.java:138)
	at org.springframework.web.servlet.mvc.method.annotation.ServletInvocableHandlerMethod.invokeAndHandle(ServletInvocableHandlerMethod.java:102)
	at org.springframework.web.servlet.mvc.method.annotation.RequestMappingHandlerAdapter.invokeHandlerMethod(RequestMappingHandlerAdapter.java:895)
	at org.springframework.web.servlet.mvc.method.annotation.RequestMappingHandlerAdapter.handleInternal(RequestMappingHandlerAdapter.java:800)
	at org.springframework.web.servlet.mvc.method.AbstractHandlerMethodAdapter.handle(AbstractHandlerMethodAdapter.java:87)
	at org.springframework.web.servlet.DispatcherServlet.doDispatch(DispatcherServlet.java:1038)
	at org.springframework.web.servlet.DispatcherServlet.doService(DispatcherServlet.java:942)
	at org.springframework.web.servlet.FrameworkServlet.processRequest(FrameworkServlet.java:998)
	at org.springframework.web.servlet.FrameworkServlet.doPost(FrameworkServlet.java:901)
	at javax.servlet.http.HttpServlet.service(HttpServlet.java:660)
	at org.springframework.web.servlet.FrameworkServlet.service(FrameworkServlet.java:875)
	at javax.servlet.http.HttpServlet.service(HttpServlet.java:741)
	at org.apache.catalina.core.ApplicationFilterChain.internalDoFilter(ApplicationFilterChain.java:231)
	at org.apache.catalina.core.ApplicationFilterChain.doFilter(ApplicationFilterChain.java:166)
	at org.apache.tomcat.websocket.server.WsFilter.doFilter(WsFilter.java:53)
	at org.apache.catalina.core.ApplicationFilterChain.internalDoFilter(ApplicationFilterChain.java:193)
	at org.apache.catalina.core.ApplicationFilterChain.doFilter(ApplicationFilterChain.java:166)
	at org.springframework.web.filter.RequestContextFilter.doFilterInternal(RequestContextFilter.java:99)
	at org.springframework.web.filter.OncePerRequestFilter.doFilter(OncePerRequestFilter.java:107)
	at org.apache.catalina.core.ApplicationFilterChain.internalDoFilter(ApplicationFilterChain.java:193)
	at org.apache.catalina.core.ApplicationFilterChain.doFilter(ApplicationFilterChain.java:166)
	at org.springframework.web.filter.FormContentFilter.doFilterInternal(FormContentFilter.java:92)
	at org.springframework.web.filter.OncePerRequestFilter.doFilter(OncePerRequestFilter.java:107)
	at org.apache.catalina.core.ApplicationFilterChain.internalDoFilter(ApplicationFilterChain.java:193)
	at org.apache.catalina.core.ApplicationFilterChain.doFilter(ApplicationFilterChain.java:166)
	at org.springframework.web.filter.HiddenHttpMethodFilter.doFilterInternal(HiddenHttpMethodFilter.java:93)
	at org.springframework.web.filter.OncePerRequestFilter.doFilter(OncePerRequestFilter.java:107)
	at org.apache.catalina.core.ApplicationFilterChain.internalDoFilter(ApplicationFilterChain.java:193)
	at org.apache.catalina.core.ApplicationFilterChain.doFilter(ApplicationFilterChain.java:166)
	at org.springframework.web.filter.CharacterEncodingFilter.doFilterInternal(CharacterEncodingFilter.java:200)
	at org.springframework.web.filter.OncePerRequestFilter.doFilter(OncePerRequestFilter.java:107)
	at org.apache.catalina.core.ApplicationFilterChain.internalDoFilter(ApplicationFilterChain.java:193)
	at org.apache.catalina.core.ApplicationFilterChain.doFilter(ApplicationFilterChain.java:166)
	at org.apache.catalina.core.StandardWrapperValve.invoke(StandardWrapperValve.java:199)
	at org.apache.catalina.core.StandardContextValve.invoke(StandardContextValve.java:96)
	at org.apache.catalina.authenticator.AuthenticatorBase.invoke(AuthenticatorBase.java:490)
	at org.apache.catalina.core.StandardHostValve.invoke(StandardHostValve.java:139)
	at org.apache.catalina.valves.ErrorReportValve.invoke(ErrorReportValve.java:92)
	at org.apache.catalina.core.StandardEngineValve.invoke(StandardEngineValve.java:74)
	at org.apache.catalina.connector.CoyoteAdapter.service(CoyoteAdapter.java:343)
	at org.apache.coyote.http11.Http11Processor.service(Http11Processor.java:408)
	at org.apache.coyote.AbstractProcessorLight.process(AbstractProcessorLight.java:66)
	at org.apache.coyote.AbstractProtocol$ConnectionHandler.process(AbstractProtocol.java:770)
	at org.apache.tomcat.util.net.NioEndpoint$SocketProcessor.doRun(NioEndpoint.java:1415)
	at org.apache.tomcat.util.net.SocketProcessorBase.run(SocketProcessorBase.java:49)
	at java.util.concurrent.ThreadPoolExecutor.runWorker(ThreadPoolExecutor.java:1149)
	at java.util.concurrent.ThreadPoolExecutor$Worker.run(ThreadPoolExecutor.java:624)
	at org.apache.tomcat.util.threads.TaskThread$WrappingRunnable.run(TaskThread.java:61)
	at java.lang.Thread.run(Thread.java:748)
, path=/cars/11AA22}]
2019-11-30 12:00:30.729 DEBUG 18904 --- [http-nio-8080-exec-4] o.s.web.servlet.DispatcherServlet        : Exiting from "ERROR" dispatch, status 415
2019-11-30 12:00:35.922 DEBUG 18904 --- [http-nio-8080-exec-5] o.s.web.servlet.DispatcherServlet        : POST "/cars/11AA22?rent=true", parameters={masked}
2019-11-30 12:00:35.925 DEBUG 18904 --- [http-nio-8080-exec-5] s.w.s.m.m.a.RequestMappingHandlerMapping : Mapped to public void com.example.carservice.CarRentalService.rent(java.lang.String,boolean,com.example.carservice.Dates) throws java.lang.Exception
2019-11-30 12:00:35.934 DEBUG 18904 --- [http-nio-8080-exec-5] .w.s.m.m.a.ServletInvocableHandlerMethod : Could not resolve parameter [2] in public void com.example.carservice.CarRentalService.rent(java.lang.String,boolean,com.example.carservice.Dates) throws java.lang.Exception: Content type 'application/x-www-form-urlencoded;charset=UTF-8' not supported
2019-11-30 12:00:35.935  WARN 18904 --- [http-nio-8080-exec-5] .w.s.m.s.DefaultHandlerExceptionResolver : Resolved [org.springframework.web.HttpMediaTypeNotSupportedException: Content type 'application/x-www-form-urlencoded;charset=UTF-8' not supported]
2019-11-30 12:00:35.937 DEBUG 18904 --- [http-nio-8080-exec-5] o.s.web.servlet.DispatcherServlet        : Completed 415 UNSUPPORTED_MEDIA_TYPE
2019-11-30 12:00:35.937 DEBUG 18904 --- [http-nio-8080-exec-5] o.s.web.servlet.DispatcherServlet        : "ERROR" dispatch for POST "/error?rent=true", parameters={masked}
2019-11-30 12:00:35.939 DEBUG 18904 --- [http-nio-8080-exec-5] s.w.s.m.m.a.RequestMappingHandlerMapping : Mapped to public org.springframework.http.ResponseEntity<java.util.Map<java.lang.String, java.lang.Object>> org.springframework.boot.autoconfigure.web.servlet.error.BasicErrorController.error(javax.servlet.http.HttpServletRequest)
2019-11-30 12:00:35.941 DEBUG 18904 --- [http-nio-8080-exec-5] o.s.w.s.m.m.a.HttpEntityMethodProcessor  : Using 'application/json', given [*/*] and supported [application/json, application/*+json, application/json, application/*+json]
2019-11-30 12:00:35.943 DEBUG 18904 --- [http-nio-8080-exec-5] o.s.w.s.m.m.a.HttpEntityMethodProcessor  : Writing [{timestamp=Sat Nov 30 12:00:35 CET 2019, status=415, error=Unsupported Media Type, message=Content type 'application/x-www-form-urlencoded;charset=UTF-8' not supported, trace=org.springframework.web.HttpMediaTypeNotSupportedException: Content type 'application/x-www-form-urlencoded;charset=UTF-8' not supported
	at org.springframework.web.servlet.mvc.method.annotation.AbstractMessageConverterMethodArgumentResolver.readWithMessageConverters(AbstractMessageConverterMethodArgumentResolver.java:224)
	at org.springframework.web.servlet.mvc.method.annotation.RequestResponseBodyMethodProcessor.readWithMessageConverters(RequestResponseBodyMethodProcessor.java:157)
	at org.springframework.web.servlet.mvc.method.annotation.RequestResponseBodyMethodProcessor.resolveArgument(RequestResponseBodyMethodProcessor.java:130)
	at org.springframework.web.method.support.HandlerMethodArgumentResolverComposite.resolveArgument(HandlerMethodArgumentResolverComposite.java:124)
	at org.springframework.web.method.support.InvocableHandlerMethod.getMethodArgumentValues(InvocableHandlerMethod.java:165)
	at org.springframework.web.method.support.InvocableHandlerMethod.invokeForRequest(InvocableHandlerMethod.java:138)
	at org.springframework.web.servlet.mvc.method.annotation.ServletInvocableHandlerMethod.invokeAndHandle(ServletInvocableHandlerMethod.java:102)
	at org.springframework.web.servlet.mvc.method.annotation.RequestMappingHandlerAdapter.invokeHandlerMethod(RequestMappingHandlerAdapter.java:895)
	at org.springframework.web.servlet.mvc.method.annotation.RequestMappingHandlerAdapter.handleInternal(RequestMappingHandlerAdapter.java:800)
	at org.springframework.web.servlet.mvc.method.AbstractHandlerMethodAdapter.handle(AbstractHandlerMethodAdapter.java:87)
	at org.springframework.web.servlet.DispatcherServlet.doDispatch(DispatcherServlet.java:1038)
	at org.springframework.web.servlet.DispatcherServlet.doService(DispatcherServlet.java:942)
	at org.springframework.web.servlet.FrameworkServlet.processRequest(FrameworkServlet.java:998)
	at org.springframework.web.servlet.FrameworkServlet.doPost(FrameworkServlet.java:901)
	at javax.servlet.http.HttpServlet.service(HttpServlet.java:660)
	at org.springframework.web.servlet.FrameworkServlet.service(FrameworkServlet.java:875)
	at javax.servlet.http.HttpServlet.service(HttpServlet.java:741)
	at org.apache.catalina.core.ApplicationFilterChain.internalDoFilter(ApplicationFilterChain.java:231)
	at org.apache.catalina.core.ApplicationFilterChain.doFilter(ApplicationFilterChain.java:166)
	at org.apache.tomcat.websocket.server.WsFilter.doFilter(WsFilter.java:53)
	at org.apache.catalina.core.ApplicationFilterChain.internalDoFilter(ApplicationFilterChain.java:193)
	at org.apache.catalina.core.ApplicationFilterChain.doFilter(ApplicationFilterChain.java:166)
	at org.springframework.web.filter.RequestContextFilter.doFilterInternal(RequestContextFilter.java:99)
	at org.springframework.web.filter.OncePerRequestFilter.doFilter(OncePerRequestFilter.java:107)
	at org.apache.catalina.core.ApplicationFilterChain.internalDoFilter(ApplicationFilterChain.java:193)
	at org.apache.catalina.core.ApplicationFilterChain.doFilter(ApplicationFilterChain.java:166)
	at org.springframework.web.filter.FormContentFilter.doFilterInternal(FormContentFilter.java:92)
	at org.springframework.web.filter.OncePerRequestFilter.doFilter(OncePerRequestFilter.java:107)
	at org.apache.catalina.core.ApplicationFilterChain.internalDoFilter(ApplicationFilterChain.java:193)
	at org.apache.catalina.core.ApplicationFilterChain.doFilter(ApplicationFilterChain.java:166)
	at org.springframework.web.filter.HiddenHttpMethodFilter.doFilterInternal(HiddenHttpMethodFilter.java:93)
	at org.springframework.web.filter.OncePerRequestFilter.doFilter(OncePerRequestFilter.java:107)
	at org.apache.catalina.core.ApplicationFilterChain.internalDoFilter(ApplicationFilterChain.java:193)
	at org.apache.catalina.core.ApplicationFilterChain.doFilter(ApplicationFilterChain.java:166)
	at org.springframework.web.filter.CharacterEncodingFilter.doFilterInternal(CharacterEncodingFilter.java:200)
	at org.springframework.web.filter.OncePerRequestFilter.doFilter(OncePerRequestFilter.java:107)
	at org.apache.catalina.core.ApplicationFilterChain.internalDoFilter(ApplicationFilterChain.java:193)
	at org.apache.catalina.core.ApplicationFilterChain.doFilter(ApplicationFilterChain.java:166)
	at org.apache.catalina.core.StandardWrapperValve.invoke(StandardWrapperValve.java:199)
	at org.apache.catalina.core.StandardContextValve.invoke(StandardContextValve.java:96)
	at org.apache.catalina.authenticator.AuthenticatorBase.invoke(AuthenticatorBase.java:490)
	at org.apache.catalina.core.StandardHostValve.invoke(StandardHostValve.java:139)
	at org.apache.catalina.valves.ErrorReportValve.invoke(ErrorReportValve.java:92)
	at org.apache.catalina.core.StandardEngineValve.invoke(StandardEngineValve.java:74)
	at org.apache.catalina.connector.CoyoteAdapter.service(CoyoteAdapter.java:343)
	at org.apache.coyote.http11.Http11Processor.service(Http11Processor.java:408)
	at org.apache.coyote.AbstractProcessorLight.process(AbstractProcessorLight.java:66)
	at org.apache.coyote.AbstractProtocol$ConnectionHandler.process(AbstractProtocol.java:770)
	at org.apache.tomcat.util.net.NioEndpoint$SocketProcessor.doRun(NioEndpoint.java:1415)
	at org.apache.tomcat.util.net.SocketProcessorBase.run(SocketProcessorBase.java:49)
	at java.util.concurrent.ThreadPoolExecutor.runWorker(ThreadPoolExecutor.java:1149)
	at java.util.concurrent.ThreadPoolExecutor$Worker.run(ThreadPoolExecutor.java:624)
	at org.apache.tomcat.util.threads.TaskThread$WrappingRunnable.run(TaskThread.java:61)
	at java.lang.Thread.run(Thread.java:748)
, path=/cars/11AA22}]
2019-11-30 12:00:35.947 DEBUG 18904 --- [http-nio-8080-exec-5] o.s.web.servlet.DispatcherServlet        : Exiting from "ERROR" dispatch, status 415
2019-11-30 12:00:40.489 DEBUG 18904 --- [http-nio-8080-exec-6] o.s.web.servlet.DispatcherServlet        : POST "/cars/11AA22?rent=true", parameters={masked}
2019-11-30 12:00:40.501 DEBUG 18904 --- [http-nio-8080-exec-6] s.w.s.m.m.a.RequestMappingHandlerMapping : Mapped to public void com.example.carservice.CarRentalService.rent(java.lang.String,boolean,com.example.carservice.Dates) throws java.lang.Exception
2019-11-30 12:00:40.503 DEBUG 18904 --- [http-nio-8080-exec-6] .w.s.m.m.a.ServletInvocableHandlerMethod : Could not resolve parameter [2] in public void com.example.carservice.CarRentalService.rent(java.lang.String,boolean,com.example.carservice.Dates) throws java.lang.Exception: Content type 'application/octet-stream' not supported
2019-11-30 12:00:40.503  WARN 18904 --- [http-nio-8080-exec-6] .w.s.m.s.DefaultHandlerExceptionResolver : Resolved [org.springframework.web.HttpMediaTypeNotSupportedException: Content type 'application/octet-stream' not supported]
2019-11-30 12:00:40.503 DEBUG 18904 --- [http-nio-8080-exec-6] o.s.web.servlet.DispatcherServlet        : Completed 415 UNSUPPORTED_MEDIA_TYPE
2019-11-30 12:00:40.503 DEBUG 18904 --- [http-nio-8080-exec-6] o.s.web.servlet.DispatcherServlet        : "ERROR" dispatch for POST "/error?rent=true", parameters={masked}
2019-11-30 12:00:40.506 DEBUG 18904 --- [http-nio-8080-exec-6] s.w.s.m.m.a.RequestMappingHandlerMapping : Mapped to public org.springframework.http.ResponseEntity<java.util.Map<java.lang.String, java.lang.Object>> org.springframework.boot.autoconfigure.web.servlet.error.BasicErrorController.error(javax.servlet.http.HttpServletRequest)
2019-11-30 12:00:40.507 DEBUG 18904 --- [http-nio-8080-exec-6] o.s.w.s.m.m.a.HttpEntityMethodProcessor  : Using 'application/json', given [*/*] and supported [application/json, application/*+json, application/json, application/*+json]
2019-11-30 12:00:40.507 DEBUG 18904 --- [http-nio-8080-exec-6] o.s.w.s.m.m.a.HttpEntityMethodProcessor  : Writing [{timestamp=Sat Nov 30 12:00:40 CET 2019, status=415, error=Unsupported Media Type, message=Content type 'application/octet-stream' not supported, trace=org.springframework.web.HttpMediaTypeNotSupportedException: Content type 'application/octet-stream' not supported
	at org.springframework.web.servlet.mvc.method.annotation.AbstractMessageConverterMethodArgumentResolver.readWithMessageConverters(AbstractMessageConverterMethodArgumentResolver.java:224)
	at org.springframework.web.servlet.mvc.method.annotation.RequestResponseBodyMethodProcessor.readWithMessageConverters(RequestResponseBodyMethodProcessor.java:157)
	at org.springframework.web.servlet.mvc.method.annotation.RequestResponseBodyMethodProcessor.resolveArgument(RequestResponseBodyMethodProcessor.java:130)
	at org.springframework.web.method.support.HandlerMethodArgumentResolverComposite.resolveArgument(HandlerMethodArgumentResolverComposite.java:124)
	at org.springframework.web.method.support.InvocableHandlerMethod.getMethodArgumentValues(InvocableHandlerMethod.java:165)
	at org.springframework.web.method.support.InvocableHandlerMethod.invokeForRequest(InvocableHandlerMethod.java:138)
	at org.springframework.web.servlet.mvc.method.annotation.ServletInvocableHandlerMethod.invokeAndHandle(ServletInvocableHandlerMethod.java:102)
	at org.springframework.web.servlet.mvc.method.annotation.RequestMappingHandlerAdapter.invokeHandlerMethod(RequestMappingHandlerAdapter.java:895)
	at org.springframework.web.servlet.mvc.method.annotation.RequestMappingHandlerAdapter.handleInternal(RequestMappingHandlerAdapter.java:800)
	at org.springframework.web.servlet.mvc.method.AbstractHandlerMethodAdapter.handle(AbstractHandlerMethodAdapter.java:87)
	at org.springframework.web.servlet.DispatcherServlet.doDispatch(DispatcherServlet.java:1038)
	at org.springframework.web.servlet.DispatcherServlet.doService(DispatcherServlet.java:942)
	at org.springframework.web.servlet.FrameworkServlet.processRequest(FrameworkServlet.java:998)
	at org.springframework.web.servlet.FrameworkServlet.doPost(FrameworkServlet.java:901)
	at javax.servlet.http.HttpServlet.service(HttpServlet.java:660)
	at org.springframework.web.servlet.FrameworkServlet.service(FrameworkServlet.java:875)
	at javax.servlet.http.HttpServlet.service(HttpServlet.java:741)
	at org.apache.catalina.core.ApplicationFilterChain.internalDoFilter(ApplicationFilterChain.java:231)
	at org.apache.catalina.core.ApplicationFilterChain.doFilter(ApplicationFilterChain.java:166)
	at org.apache.tomcat.websocket.server.WsFilter.doFilter(WsFilter.java:53)
	at org.apache.catalina.core.ApplicationFilterChain.internalDoFilter(ApplicationFilterChain.java:193)
	at org.apache.catalina.core.ApplicationFilterChain.doFilter(ApplicationFilterChain.java:166)
	at org.springframework.web.filter.RequestContextFilter.doFilterInternal(RequestContextFilter.java:99)
	at org.springframework.web.filter.OncePerRequestFilter.doFilter(OncePerRequestFilter.java:107)
	at org.apache.catalina.core.ApplicationFilterChain.internalDoFilter(ApplicationFilterChain.java:193)
	at org.apache.catalina.core.ApplicationFilterChain.doFilter(ApplicationFilterChain.java:166)
	at org.springframework.web.filter.FormContentFilter.doFilterInternal(FormContentFilter.java:92)
	at org.springframework.web.filter.OncePerRequestFilter.doFilter(OncePerRequestFilter.java:107)
	at org.apache.catalina.core.ApplicationFilterChain.internalDoFilter(ApplicationFilterChain.java:193)
	at org.apache.catalina.core.ApplicationFilterChain.doFilter(ApplicationFilterChain.java:166)
	at org.springframework.web.filter.HiddenHttpMethodFilter.doFilterInternal(HiddenHttpMethodFilter.java:93)
	at org.springframework.web.filter.OncePerRequestFilter.doFilter(OncePerRequestFilter.java:107)
	at org.apache.catalina.core.ApplicationFilterChain.internalDoFilter(ApplicationFilterChain.java:193)
	at org.apache.catalina.core.ApplicationFilterChain.doFilter(ApplicationFilterChain.java:166)
	at org.springframework.web.filter.CharacterEncodingFilter.doFilterInternal(CharacterEncodingFilter.java:200)
	at org.springframework.web.filter.OncePerRequestFilter.doFilter(OncePerRequestFilter.java:107)
	at org.apache.catalina.core.ApplicationFilterChain.internalDoFilter(ApplicationFilterChain.java:193)
	at org.apache.catalina.core.ApplicationFilterChain.doFilter(ApplicationFilterChain.java:166)
	at org.apache.catalina.core.StandardWrapperValve.invoke(StandardWrapperValve.java:199)
	at org.apache.catalina.core.StandardContextValve.invoke(StandardContextValve.java:96)
	at org.apache.catalina.authenticator.AuthenticatorBase.invoke(AuthenticatorBase.java:490)
	at org.apache.catalina.core.StandardHostValve.invoke(StandardHostValve.java:139)
	at org.apache.catalina.valves.ErrorReportValve.invoke(ErrorReportValve.java:92)
	at org.apache.catalina.core.StandardEngineValve.invoke(StandardEngineValve.java:74)
	at org.apache.catalina.connector.CoyoteAdapter.service(CoyoteAdapter.java:343)
	at org.apache.coyote.http11.Http11Processor.service(Http11Processor.java:408)
	at org.apache.coyote.AbstractProcessorLight.process(AbstractProcessorLight.java:66)
	at org.apache.coyote.AbstractProtocol$ConnectionHandler.process(AbstractProtocol.java:770)
	at org.apache.tomcat.util.net.NioEndpoint$SocketProcessor.doRun(NioEndpoint.java:1415)
	at org.apache.tomcat.util.net.SocketProcessorBase.run(SocketProcessorBase.java:49)
	at java.util.concurrent.ThreadPoolExecutor.runWorker(ThreadPoolExecutor.java:1149)
	at java.util.concurrent.ThreadPoolExecutor$Worker.run(ThreadPoolExecutor.java:624)
	at org.apache.tomcat.util.threads.TaskThread$WrappingRunnable.run(TaskThread.java:61)
	at java.lang.Thread.run(Thread.java:748)
, path=/cars/11AA22}]
2019-11-30 12:00:40.519 DEBUG 18904 --- [http-nio-8080-exec-6] o.s.web.servlet.DispatcherServlet        : Exiting from "ERROR" dispatch, status 415
2019-11-30 12:00:41.390 DEBUG 18904 --- [http-nio-8080-exec-7] o.s.web.servlet.DispatcherServlet        : POST "/cars/11AA22?rent=true", parameters={masked}
2019-11-30 12:00:41.395 DEBUG 18904 --- [http-nio-8080-exec-7] s.w.s.m.m.a.RequestMappingHandlerMapping : Mapped to public void com.example.carservice.CarRentalService.rent(java.lang.String,boolean,com.example.carservice.Dates) throws java.lang.Exception
2019-11-30 12:00:41.400 DEBUG 18904 --- [http-nio-8080-exec-7] .w.s.m.m.a.ServletInvocableHandlerMethod : Could not resolve parameter [2] in public void com.example.carservice.CarRentalService.rent(java.lang.String,boolean,com.example.carservice.Dates) throws java.lang.Exception: Content type 'application/octet-stream' not supported
2019-11-30 12:00:41.400  WARN 18904 --- [http-nio-8080-exec-7] .w.s.m.s.DefaultHandlerExceptionResolver : Resolved [org.springframework.web.HttpMediaTypeNotSupportedException: Content type 'application/octet-stream' not supported]
2019-11-30 12:00:41.408 DEBUG 18904 --- [http-nio-8080-exec-7] o.s.web.servlet.DispatcherServlet        : Completed 415 UNSUPPORTED_MEDIA_TYPE
2019-11-30 12:00:41.410 DEBUG 18904 --- [http-nio-8080-exec-7] o.s.web.servlet.DispatcherServlet        : "ERROR" dispatch for POST "/error?rent=true", parameters={masked}
2019-11-30 12:00:41.411 DEBUG 18904 --- [http-nio-8080-exec-7] s.w.s.m.m.a.RequestMappingHandlerMapping : Mapped to public org.springframework.http.ResponseEntity<java.util.Map<java.lang.String, java.lang.Object>> org.springframework.boot.autoconfigure.web.servlet.error.BasicErrorController.error(javax.servlet.http.HttpServletRequest)
2019-11-30 12:00:41.413 DEBUG 18904 --- [http-nio-8080-exec-7] o.s.w.s.m.m.a.HttpEntityMethodProcessor  : Using 'application/json', given [*/*] and supported [application/json, application/*+json, application/json, application/*+json]
2019-11-30 12:00:41.413 DEBUG 18904 --- [http-nio-8080-exec-7] o.s.w.s.m.m.a.HttpEntityMethodProcessor  : Writing [{timestamp=Sat Nov 30 12:00:41 CET 2019, status=415, error=Unsupported Media Type, message=Content type 'application/octet-stream' not supported, trace=org.springframework.web.HttpMediaTypeNotSupportedException: Content type 'application/octet-stream' not supported
	at org.springframework.web.servlet.mvc.method.annotation.AbstractMessageConverterMethodArgumentResolver.readWithMessageConverters(AbstractMessageConverterMethodArgumentResolver.java:224)
	at org.springframework.web.servlet.mvc.method.annotation.RequestResponseBodyMethodProcessor.readWithMessageConverters(RequestResponseBodyMethodProcessor.java:157)
	at org.springframework.web.servlet.mvc.method.annotation.RequestResponseBodyMethodProcessor.resolveArgument(RequestResponseBodyMethodProcessor.java:130)
	at org.springframework.web.method.support.HandlerMethodArgumentResolverComposite.resolveArgument(HandlerMethodArgumentResolverComposite.java:124)
	at org.springframework.web.method.support.InvocableHandlerMethod.getMethodArgumentValues(InvocableHandlerMethod.java:165)
	at org.springframework.web.method.support.InvocableHandlerMethod.invokeForRequest(InvocableHandlerMethod.java:138)
	at org.springframework.web.servlet.mvc.method.annotation.ServletInvocableHandlerMethod.invokeAndHandle(ServletInvocableHandlerMethod.java:102)
	at org.springframework.web.servlet.mvc.method.annotation.RequestMappingHandlerAdapter.invokeHandlerMethod(RequestMappingHandlerAdapter.java:895)
	at org.springframework.web.servlet.mvc.method.annotation.RequestMappingHandlerAdapter.handleInternal(RequestMappingHandlerAdapter.java:800)
	at org.springframework.web.servlet.mvc.method.AbstractHandlerMethodAdapter.handle(AbstractHandlerMethodAdapter.java:87)
	at org.springframework.web.servlet.DispatcherServlet.doDispatch(DispatcherServlet.java:1038)
	at org.springframework.web.servlet.DispatcherServlet.doService(DispatcherServlet.java:942)
	at org.springframework.web.servlet.FrameworkServlet.processRequest(FrameworkServlet.java:998)
	at org.springframework.web.servlet.FrameworkServlet.doPost(FrameworkServlet.java:901)
	at javax.servlet.http.HttpServlet.service(HttpServlet.java:660)
	at org.springframework.web.servlet.FrameworkServlet.service(FrameworkServlet.java:875)
	at javax.servlet.http.HttpServlet.service(HttpServlet.java:741)
	at org.apache.catalina.core.ApplicationFilterChain.internalDoFilter(ApplicationFilterChain.java:231)
	at org.apache.catalina.core.ApplicationFilterChain.doFilter(ApplicationFilterChain.java:166)
	at org.apache.tomcat.websocket.server.WsFilter.doFilter(WsFilter.java:53)
	at org.apache.catalina.core.ApplicationFilterChain.internalDoFilter(ApplicationFilterChain.java:193)
	at org.apache.catalina.core.ApplicationFilterChain.doFilter(ApplicationFilterChain.java:166)
	at org.springframework.web.filter.RequestContextFilter.doFilterInternal(RequestContextFilter.java:99)
	at org.springframework.web.filter.OncePerRequestFilter.doFilter(OncePerRequestFilter.java:107)
	at org.apache.catalina.core.ApplicationFilterChain.internalDoFilter(ApplicationFilterChain.java:193)
	at org.apache.catalina.core.ApplicationFilterChain.doFilter(ApplicationFilterChain.java:166)
	at org.springframework.web.filter.FormContentFilter.doFilterInternal(FormContentFilter.java:92)
	at org.springframework.web.filter.OncePerRequestFilter.doFilter(OncePerRequestFilter.java:107)
	at org.apache.catalina.core.ApplicationFilterChain.internalDoFilter(ApplicationFilterChain.java:193)
	at org.apache.catalina.core.ApplicationFilterChain.doFilter(ApplicationFilterChain.java:166)
	at org.springframework.web.filter.HiddenHttpMethodFilter.doFilterInternal(HiddenHttpMethodFilter.java:93)
	at org.springframework.web.filter.OncePerRequestFilter.doFilter(OncePerRequestFilter.java:107)
	at org.apache.catalina.core.ApplicationFilterChain.internalDoFilter(ApplicationFilterChain.java:193)
	at org.apache.catalina.core.ApplicationFilterChain.doFilter(ApplicationFilterChain.java:166)
	at org.springframework.web.filter.CharacterEncodingFilter.doFilterInternal(CharacterEncodingFilter.java:200)
	at org.springframework.web.filter.OncePerRequestFilter.doFilter(OncePerRequestFilter.java:107)
	at org.apache.catalina.core.ApplicationFilterChain.internalDoFilter(ApplicationFilterChain.java:193)
	at org.apache.catalina.core.ApplicationFilterChain.doFilter(ApplicationFilterChain.java:166)
	at org.apache.catalina.core.StandardWrapperValve.invoke(StandardWrapperValve.java:199)
	at org.apache.catalina.core.StandardContextValve.invoke(StandardContextValve.java:96)
	at org.apache.catalina.authenticator.AuthenticatorBase.invoke(AuthenticatorBase.java:490)
	at org.apache.catalina.core.StandardHostValve.invoke(StandardHostValve.java:139)
	at org.apache.catalina.valves.ErrorReportValve.invoke(ErrorReportValve.java:92)
	at org.apache.catalina.core.StandardEngineValve.invoke(StandardEngineValve.java:74)
	at org.apache.catalina.connector.CoyoteAdapter.service(CoyoteAdapter.java:343)
	at org.apache.coyote.http11.Http11Processor.service(Http11Processor.java:408)
	at org.apache.coyote.AbstractProcessorLight.process(AbstractProcessorLight.java:66)
	at org.apache.coyote.AbstractProtocol$ConnectionHandler.process(AbstractProtocol.java:770)
	at org.apache.tomcat.util.net.NioEndpoint$SocketProcessor.doRun(NioEndpoint.java:1415)
	at org.apache.tomcat.util.net.SocketProcessorBase.run(SocketProcessorBase.java:49)
	at java.util.concurrent.ThreadPoolExecutor.runWorker(ThreadPoolExecutor.java:1149)
	at java.util.concurrent.ThreadPoolExecutor$Worker.run(ThreadPoolExecutor.java:624)
	at org.apache.tomcat.util.threads.TaskThread$WrappingRunnable.run(TaskThread.java:61)
	at java.lang.Thread.run(Thread.java:748)
, path=/cars/11AA22}]
2019-11-30 12:00:41.418 DEBUG 18904 --- [http-nio-8080-exec-7] o.s.web.servlet.DispatcherServlet        : Exiting from "ERROR" dispatch, status 415
2019-11-30 12:00:59.979 DEBUG 18904 --- [http-nio-8080-exec-8] o.s.web.servlet.DispatcherServlet        : POST "/cars/11AA22?rent=true", parameters={masked}
2019-11-30 12:00:59.980 DEBUG 18904 --- [http-nio-8080-exec-8] s.w.s.m.m.a.RequestMappingHandlerMapping : Mapped to public void com.example.carservice.CarRentalService.rent(java.lang.String,boolean,com.example.carservice.Dates) throws java.lang.Exception
2019-11-30 12:01:00.056 DEBUG 18904 --- [http-nio-8080-exec-8] m.m.a.RequestResponseBodyMethodProcessor : Read "application/json;charset=UTF-8" to [begin: 11/11/2017, end: 1/1/2018]
2019-11-30 12:01:00.062 DEBUG 18904 --- [http-nio-8080-exec-8] m.m.a.RequestResponseBodyMethodProcessor : Using 'application/json', given [*/*] and supported [application/json, application/*+json, application/json, application/*+json]
2019-11-30 12:01:00.063 DEBUG 18904 --- [http-nio-8080-exec-8] m.m.a.RequestResponseBodyMethodProcessor : Nothing to write: null body
2019-11-30 12:01:00.064 DEBUG 18904 --- [http-nio-8080-exec-8] o.s.web.servlet.DispatcherServlet        : Completed 200 OK
2019-11-30 12:01:03.826 DEBUG 18904 --- [http-nio-8080-exec-9] o.s.web.servlet.DispatcherServlet        : POST "/cars/11AA22?rent=true", parameters={masked}
2019-11-30 12:01:03.832 DEBUG 18904 --- [http-nio-8080-exec-9] s.w.s.m.m.a.RequestMappingHandlerMapping : Mapped to public void com.example.carservice.CarRentalService.rent(java.lang.String,boolean,com.example.carservice.Dates) throws java.lang.Exception
2019-11-30 12:01:03.834 DEBUG 18904 --- [http-nio-8080-exec-9] m.m.a.RequestResponseBodyMethodProcessor : Read "application/json;charset=UTF-8" to [begin: 11/11/2017, end: 1/1/2018]
2019-11-30 12:01:03.835 DEBUG 18904 --- [http-nio-8080-exec-9] m.m.a.RequestResponseBodyMethodProcessor : Using 'application/json', given [*/*] and supported [application/json, application/*+json, application/json, application/*+json]
2019-11-30 12:01:03.837 DEBUG 18904 --- [http-nio-8080-exec-9] m.m.a.RequestResponseBodyMethodProcessor : Nothing to write: null body
2019-11-30 12:01:03.837 DEBUG 18904 --- [http-nio-8080-exec-9] o.s.web.servlet.DispatcherServlet        : Completed 200 OK
2019-11-30 12:01:05.254 DEBUG 18904 --- [http-nio-8080-exec-10] o.s.web.servlet.DispatcherServlet        : POST "/cars/11AA22?rent=true", parameters={masked}
2019-11-30 12:01:05.256 DEBUG 18904 --- [http-nio-8080-exec-10] s.w.s.m.m.a.RequestMappingHandlerMapping : Mapped to public void com.example.carservice.CarRentalService.rent(java.lang.String,boolean,com.example.carservice.Dates) throws java.lang.Exception
2019-11-30 12:01:05.261 DEBUG 18904 --- [http-nio-8080-exec-10] m.m.a.RequestResponseBodyMethodProcessor : Read "application/json;charset=UTF-8" to [begin: 11/11/2017, end: 1/1/2018]
2019-11-30 12:01:05.262 DEBUG 18904 --- [http-nio-8080-exec-10] m.m.a.RequestResponseBodyMethodProcessor : Using 'application/json', given [*/*] and supported [application/json, application/*+json, application/json, application/*+json]
2019-11-30 12:01:05.262 DEBUG 18904 --- [http-nio-8080-exec-10] m.m.a.RequestResponseBodyMethodProcessor : Nothing to write: null body
2019-11-30 12:01:05.262 DEBUG 18904 --- [http-nio-8080-exec-10] o.s.web.servlet.DispatcherServlet        : Completed 200 OK
2019-11-30 12:01:06.242 DEBUG 18904 --- [http-nio-8080-exec-1] o.s.web.servlet.DispatcherServlet        : POST "/cars/11AA22?rent=true", parameters={masked}
2019-11-30 12:01:06.245 DEBUG 18904 --- [http-nio-8080-exec-1] s.w.s.m.m.a.RequestMappingHandlerMapping : Mapped to public void com.example.carservice.CarRentalService.rent(java.lang.String,boolean,com.example.carservice.Dates) throws java.lang.Exception
2019-11-30 12:01:06.248 DEBUG 18904 --- [http-nio-8080-exec-1] m.m.a.RequestResponseBodyMethodProcessor : Read "application/json;charset=UTF-8" to [begin: 11/11/2017, end: 1/1/2018]
2019-11-30 12:01:06.249 DEBUG 18904 --- [http-nio-8080-exec-1] m.m.a.RequestResponseBodyMethodProcessor : Using 'application/json', given [*/*] and supported [application/json, application/*+json, application/json, application/*+json]
2019-11-30 12:01:06.249 DEBUG 18904 --- [http-nio-8080-exec-1] m.m.a.RequestResponseBodyMethodProcessor : Nothing to write: null body
2019-11-30 12:01:06.250 DEBUG 18904 --- [http-nio-8080-exec-1] o.s.web.servlet.DispatcherServlet        : Completed 200 OK
2019-11-30 12:01:07.064 DEBUG 18904 --- [http-nio-8080-exec-2] o.s.web.servlet.DispatcherServlet        : POST "/cars/11AA22?rent=true", parameters={masked}
2019-11-30 12:01:07.067 DEBUG 18904 --- [http-nio-8080-exec-2] s.w.s.m.m.a.RequestMappingHandlerMapping : Mapped to public void com.example.carservice.CarRentalService.rent(java.lang.String,boolean,com.example.carservice.Dates) throws java.lang.Exception
2019-11-30 12:01:07.075 DEBUG 18904 --- [http-nio-8080-exec-2] m.m.a.RequestResponseBodyMethodProcessor : Read "application/json;charset=UTF-8" to [begin: 11/11/2017, end: 1/1/2018]
2019-11-30 12:01:07.076 DEBUG 18904 --- [http-nio-8080-exec-2] m.m.a.RequestResponseBodyMethodProcessor : Using 'application/json', given [*/*] and supported [application/json, application/*+json, application/json, application/*+json]
2019-11-30 12:01:07.078 DEBUG 18904 --- [http-nio-8080-exec-2] m.m.a.RequestResponseBodyMethodProcessor : Nothing to write: null body
2019-11-30 12:01:07.078 DEBUG 18904 --- [http-nio-8080-exec-2] o.s.web.servlet.DispatcherServlet        : Completed 200 OK
2019-11-30 12:01:07.971 DEBUG 18904 --- [http-nio-8080-exec-3] o.s.web.servlet.DispatcherServlet        : POST "/cars/11AA22?rent=true", parameters={masked}
2019-11-30 12:01:07.978 DEBUG 18904 --- [http-nio-8080-exec-3] s.w.s.m.m.a.RequestMappingHandlerMapping : Mapped to public void com.example.carservice.CarRentalService.rent(java.lang.String,boolean,com.example.carservice.Dates) throws java.lang.Exception
2019-11-30 12:01:07.991 DEBUG 18904 --- [http-nio-8080-exec-3] m.m.a.RequestResponseBodyMethodProcessor : Read "application/json;charset=UTF-8" to [begin: 11/11/2017, end: 1/1/2018]
2019-11-30 12:01:07.992 DEBUG 18904 --- [http-nio-8080-exec-3] m.m.a.RequestResponseBodyMethodProcessor : Using 'application/json', given [*/*] and supported [application/json, application/*+json, application/json, application/*+json]
2019-11-30 12:01:07.994 DEBUG 18904 --- [http-nio-8080-exec-3] m.m.a.RequestResponseBodyMethodProcessor : Nothing to write: null body
2019-11-30 12:01:07.994 DEBUG 18904 --- [http-nio-8080-exec-3] o.s.web.servlet.DispatcherServlet        : Completed 200 OK
2019-11-30 12:01:08.816 DEBUG 18904 --- [http-nio-8080-exec-4] o.s.web.servlet.DispatcherServlet        : POST "/cars/11AA22?rent=true", parameters={masked}
2019-11-30 12:01:08.819 DEBUG 18904 --- [http-nio-8080-exec-4] s.w.s.m.m.a.RequestMappingHandlerMapping : Mapped to public void com.example.carservice.CarRentalService.rent(java.lang.String,boolean,com.example.carservice.Dates) throws java.lang.Exception
2019-11-30 12:01:08.828 DEBUG 18904 --- [http-nio-8080-exec-4] m.m.a.RequestResponseBodyMethodProcessor : Read "application/json;charset=UTF-8" to [begin: 11/11/2017, end: 1/1/2018]
2019-11-30 12:01:08.829 DEBUG 18904 --- [http-nio-8080-exec-4] m.m.a.RequestResponseBodyMethodProcessor : Using 'application/json', given [*/*] and supported [application/json, application/*+json, application/json, application/*+json]
2019-11-30 12:01:08.832 DEBUG 18904 --- [http-nio-8080-exec-4] m.m.a.RequestResponseBodyMethodProcessor : Nothing to write: null body
2019-11-30 12:01:08.834 DEBUG 18904 --- [http-nio-8080-exec-4] o.s.web.servlet.DispatcherServlet        : Completed 200 OK
2019-11-30 12:01:09.851 DEBUG 18904 --- [http-nio-8080-exec-5] o.s.web.servlet.DispatcherServlet        : POST "/cars/11AA22?rent=true", parameters={masked}
2019-11-30 12:01:09.853 DEBUG 18904 --- [http-nio-8080-exec-5] s.w.s.m.m.a.RequestMappingHandlerMapping : Mapped to public void com.example.carservice.CarRentalService.rent(java.lang.String,boolean,com.example.carservice.Dates) throws java.lang.Exception
2019-11-30 12:01:09.856 DEBUG 18904 --- [http-nio-8080-exec-5] m.m.a.RequestResponseBodyMethodProcessor : Read "application/json;charset=UTF-8" to [begin: 11/11/2017, end: 1/1/2018]
2019-11-30 12:01:09.858 DEBUG 18904 --- [http-nio-8080-exec-5] m.m.a.RequestResponseBodyMethodProcessor : Using 'application/json', given [*/*] and supported [application/json, application/*+json, application/json, application/*+json]
2019-11-30 12:01:09.859 DEBUG 18904 --- [http-nio-8080-exec-5] m.m.a.RequestResponseBodyMethodProcessor : Nothing to write: null body
2019-11-30 12:01:09.859 DEBUG 18904 --- [http-nio-8080-exec-5] o.s.web.servlet.DispatcherServlet        : Completed 200 OK
2019-11-30 12:01:10.802 DEBUG 18904 --- [http-nio-8080-exec-6] o.s.web.servlet.DispatcherServlet        : POST "/cars/11AA22?rent=true", parameters={masked}
2019-11-30 12:01:10.805 DEBUG 18904 --- [http-nio-8080-exec-6] s.w.s.m.m.a.RequestMappingHandlerMapping : Mapped to public void com.example.carservice.CarRentalService.rent(java.lang.String,boolean,com.example.carservice.Dates) throws java.lang.Exception
2019-11-30 12:01:10.809 DEBUG 18904 --- [http-nio-8080-exec-6] m.m.a.RequestResponseBodyMethodProcessor : Read "application/json;charset=UTF-8" to [begin: 11/11/2017, end: 1/1/2018]
2019-11-30 12:01:10.810 DEBUG 18904 --- [http-nio-8080-exec-6] m.m.a.RequestResponseBodyMethodProcessor : Using 'application/json', given [*/*] and supported [application/json, application/*+json, application/json, application/*+json]
2019-11-30 12:01:10.811 DEBUG 18904 --- [http-nio-8080-exec-6] m.m.a.RequestResponseBodyMethodProcessor : Nothing to write: null body
2019-11-30 12:01:10.811 DEBUG 18904 --- [http-nio-8080-exec-6] o.s.web.servlet.DispatcherServlet        : Completed 200 OK
2019-11-30 12:01:11.470 DEBUG 18904 --- [http-nio-8080-exec-7] o.s.web.servlet.DispatcherServlet        : POST "/cars/11AA22?rent=true", parameters={masked}
2019-11-30 12:01:11.471 DEBUG 18904 --- [http-nio-8080-exec-7] s.w.s.m.m.a.RequestMappingHandlerMapping : Mapped to public void com.example.carservice.CarRentalService.rent(java.lang.String,boolean,com.example.carservice.Dates) throws java.lang.Exception
2019-11-30 12:01:11.472 DEBUG 18904 --- [http-nio-8080-exec-7] m.m.a.RequestResponseBodyMethodProcessor : Read "application/json;charset=UTF-8" to [begin: 11/11/2017, end: 1/1/2018]
2019-11-30 12:01:11.473 DEBUG 18904 --- [http-nio-8080-exec-7] m.m.a.RequestResponseBodyMethodProcessor : Using 'application/json', given [*/*] and supported [application/json, application/*+json, application/json, application/*+json]
2019-11-30 12:01:11.473 DEBUG 18904 --- [http-nio-8080-exec-7] m.m.a.RequestResponseBodyMethodProcessor : Nothing to write: null body
2019-11-30 12:01:11.474 DEBUG 18904 --- [http-nio-8080-exec-7] o.s.web.servlet.DispatcherServlet        : Completed 200 OK
2019-11-30 12:01:12.320 DEBUG 18904 --- [http-nio-8080-exec-8] o.s.web.servlet.DispatcherServlet        : POST "/cars/11AA22?rent=true", parameters={masked}
2019-11-30 12:01:12.323 DEBUG 18904 --- [http-nio-8080-exec-8] s.w.s.m.m.a.RequestMappingHandlerMapping : Mapped to public void com.example.carservice.CarRentalService.rent(java.lang.String,boolean,com.example.carservice.Dates) throws java.lang.Exception
2019-11-30 12:01:12.325 DEBUG 18904 --- [http-nio-8080-exec-8] m.m.a.RequestResponseBodyMethodProcessor : Read "application/json;charset=UTF-8" to [begin: 11/11/2017, end: 1/1/2018]
2019-11-30 12:01:12.326 DEBUG 18904 --- [http-nio-8080-exec-8] m.m.a.RequestResponseBodyMethodProcessor : Using 'application/json', given [*/*] and supported [application/json, application/*+json, application/json, application/*+json]
2019-11-30 12:01:12.326 DEBUG 18904 --- [http-nio-8080-exec-8] m.m.a.RequestResponseBodyMethodProcessor : Nothing to write: null body
2019-11-30 12:01:12.326 DEBUG 18904 --- [http-nio-8080-exec-8] o.s.web.servlet.DispatcherServlet        : Completed 200 OK
2019-11-30 12:01:25.969 DEBUG 18904 --- [http-nio-8080-exec-9] o.s.web.servlet.DispatcherServlet        : POST "/cars/11AA22?rent=true", parameters={masked}
2019-11-30 12:01:25.972 DEBUG 18904 --- [http-nio-8080-exec-9] s.w.s.m.m.a.RequestMappingHandlerMapping : Mapped to public void com.example.carservice.CarRentalService.rent(java.lang.String,boolean,com.example.carservice.Dates) throws java.lang.Exception
2019-11-30 12:01:25.978 DEBUG 18904 --- [http-nio-8080-exec-9] m.m.a.RequestResponseBodyMethodProcessor : Read "application/json;charset=UTF-8" to [begin: 11/11/2017, end: 1/1/2018]
2019-11-30 12:01:25.979 DEBUG 18904 --- [http-nio-8080-exec-9] m.m.a.RequestResponseBodyMethodProcessor : Using 'application/json', given [*/*] and supported [application/json, application/*+json, application/json, application/*+json]
2019-11-30 12:01:25.981 DEBUG 18904 --- [http-nio-8080-exec-9] m.m.a.RequestResponseBodyMethodProcessor : Nothing to write: null body
2019-11-30 12:01:25.981 DEBUG 18904 --- [http-nio-8080-exec-9] o.s.web.servlet.DispatcherServlet        : Completed 200 OK
2019-11-30 12:01:33.557 DEBUG 18904 --- [http-nio-8080-exec-10] o.s.web.servlet.DispatcherServlet        : POST "/cars/11AA22?rent=true", parameters={masked}
2019-11-30 12:01:33.559 DEBUG 18904 --- [http-nio-8080-exec-10] s.w.s.m.m.a.RequestMappingHandlerMapping : Mapped to public void com.example.carservice.CarRentalService.rent(java.lang.String,boolean,com.example.carservice.Dates) throws java.lang.Exception
2019-11-30 12:01:33.561 DEBUG 18904 --- [http-nio-8080-exec-10] m.m.a.RequestResponseBodyMethodProcessor : Read "application/json;charset=UTF-8" to [begin: 11/11/2017, end: 1/1/2018]
2019-11-30 12:01:33.562 DEBUG 18904 --- [http-nio-8080-exec-10] m.m.a.RequestResponseBodyMethodProcessor : Using 'application/json', given [*/*] and supported [application/json, application/*+json, application/json, application/*+json]
2019-11-30 12:01:33.562 DEBUG 18904 --- [http-nio-8080-exec-10] m.m.a.RequestResponseBodyMethodProcessor : Nothing to write: null body
2019-11-30 12:01:33.562 DEBUG 18904 --- [http-nio-8080-exec-10] o.s.web.servlet.DispatcherServlet        : Completed 200 OK
2019-11-30 12:01:35.875 DEBUG 18904 --- [http-nio-8080-exec-1] o.s.web.servlet.DispatcherServlet        : GET "/cars/", parameters={}
2019-11-30 12:01:35.896 DEBUG 18904 --- [http-nio-8080-exec-1] s.w.s.m.m.a.RequestMappingHandlerMapping : Mapped to public java.util.List<com.example.carservice.Car> com.example.carservice.CarRentalService.getCars()
2019-11-30 12:01:35.925  INFO 18904 --- [http-nio-8080-exec-1] com.example.carservice.CarRentalService  : [Car [plateNumber=11AA22, brand=Ferrari, price=600]
, Car [plateNumber=33BB44, brand=Porshe, price=700]
, Car [plateNumber=26HY95, brand=Peugeot, price=50]
, Car [plateNumber=68ZU21, brand=Mercedes, price=70]
, Car [plateNumber=96HF45, brand=Audi, price=60]
, Car [plateNumber=96GF34, brand=BMW, price=75]
, Car [plateNumber=28HQ78, brand=Volkwagen, price=55]
, Car [plateNumber=04GQ34, brand=Fiat, price=30]
, Car [plateNumber=48PB34, brand=Tesla, price=100]
]
2019-11-30 12:01:35.952 DEBUG 18904 --- [http-nio-8080-exec-1] m.m.a.RequestResponseBodyMethodProcessor : Using 'application/json', given [*/*] and supported [application/json, application/*+json, application/json, application/*+json]
2019-11-30 12:01:35.961 DEBUG 18904 --- [http-nio-8080-exec-1] m.m.a.RequestResponseBodyMethodProcessor : Writing [[Car [plateNumber=11AA22, brand=Ferrari, price=600]
, Car [plateNumber=33BB44, brand=Porshe, price=700]
, Car [plateNumber=26HY95, brand=Peugeot, price=50]
, Car [plateNumber=68ZU21, brand=Mercedes, price=70]
, Car [plateNumber=96HF45, brand=Audi, price=60]
, Car [plateNumber=96GF34, brand=BMW, price=75]
, Car [plateNumber=28HQ78, brand=Volkwagen, price=55]
, Car [plateNumber=04GQ34, brand=Fiat, price=30]
, Car [plateNumber=48PB34, brand=Tesla, price=100]
]]
2019-11-30 12:01:35.966 DEBUG 18904 --- [http-nio-8080-exec-1] o.s.web.servlet.DispatcherServlet        : Completed 200 OK
2019-11-30 12:01:41.329 DEBUG 18904 --- [http-nio-8080-exec-2] o.s.web.servlet.DispatcherServlet        : POST "/cars/11AA22?rent=true", parameters={masked}
2019-11-30 12:01:41.331 DEBUG 18904 --- [http-nio-8080-exec-2] s.w.s.m.m.a.RequestMappingHandlerMapping : Mapped to public void com.example.carservice.CarRentalService.rent(java.lang.String,boolean,com.example.carservice.Dates) throws java.lang.Exception
2019-11-30 12:01:41.334 DEBUG 18904 --- [http-nio-8080-exec-2] m.m.a.RequestResponseBodyMethodProcessor : Read "application/json;charset=UTF-8" to [begin: 11/11/2017, end: 1/1/2018]
2019-11-30 12:01:41.334 DEBUG 18904 --- [http-nio-8080-exec-2] m.m.a.RequestResponseBodyMethodProcessor : Using 'application/json', given [*/*] and supported [application/json, application/*+json, application/json, application/*+json]
2019-11-30 12:01:41.334 DEBUG 18904 --- [http-nio-8080-exec-2] m.m.a.RequestResponseBodyMethodProcessor : Nothing to write: null body
2019-11-30 12:01:41.335 DEBUG 18904 --- [http-nio-8080-exec-2] o.s.web.servlet.DispatcherServlet        : Completed 200 OK
2019-11-30 12:01:44.180 DEBUG 18904 --- [http-nio-8080-exec-3] o.s.web.servlet.DispatcherServlet        : GET "/cars/", parameters={}
2019-11-30 12:01:44.181 DEBUG 18904 --- [http-nio-8080-exec-3] s.w.s.m.m.a.RequestMappingHandlerMapping : Mapped to public java.util.List<com.example.carservice.Car> com.example.carservice.CarRentalService.getCars()
2019-11-30 12:01:44.183  INFO 18904 --- [http-nio-8080-exec-3] com.example.carservice.CarRentalService  : [Car [plateNumber=11AA22, brand=Ferrari, price=600]
, Car [plateNumber=33BB44, brand=Porshe, price=700]
, Car [plateNumber=26HY95, brand=Peugeot, price=50]
, Car [plateNumber=68ZU21, brand=Mercedes, price=70]
, Car [plateNumber=96HF45, brand=Audi, price=60]
, Car [plateNumber=96GF34, brand=BMW, price=75]
, Car [plateNumber=28HQ78, brand=Volkwagen, price=55]
, Car [plateNumber=04GQ34, brand=Fiat, price=30]
, Car [plateNumber=48PB34, brand=Tesla, price=100]
]
2019-11-30 12:01:44.186 DEBUG 18904 --- [http-nio-8080-exec-3] m.m.a.RequestResponseBodyMethodProcessor : Using 'application/json', given [*/*] and supported [application/json, application/*+json, application/json, application/*+json]
2019-11-30 12:01:44.190 DEBUG 18904 --- [http-nio-8080-exec-3] m.m.a.RequestResponseBodyMethodProcessor : Writing [[Car [plateNumber=11AA22, brand=Ferrari, price=600]
, Car [plateNumber=33BB44, brand=Porshe, price=700]
, Car [plateNumber=26HY95, brand=Peugeot, price=50]
, Car [plateNumber=68ZU21, brand=Mercedes, price=70]
, Car [plateNumber=96HF45, brand=Audi, price=60]
, Car [plateNumber=96GF34, brand=BMW, price=75]
, Car [plateNumber=28HQ78, brand=Volkwagen, price=55]
, Car [plateNumber=04GQ34, brand=Fiat, price=30]
, Car [plateNumber=48PB34, brand=Tesla, price=100]
]]
2019-11-30 12:01:44.193 DEBUG 18904 --- [http-nio-8080-exec-3] o.s.web.servlet.DispatcherServlet        : Completed 200 OK
